<?xml version="1.0" encoding="UTF-8"?>
<testsuite xmlns:xsi="http://www.w3.org/2001/XMLSchema-instance" xsi:noNamespaceSchemaLocation="https://maven.apache.org/surefire/maven-surefire-plugin/xsd/surefire-test-report-3.0.xsd" version="3.0" name="TestSuite" time="103.452" tests="7" errors="0" skipped="0" failures="1">
  <properties>
[...]
</properties>
  <testcase name="validateCreateNewContact" classname="com.crm.qa.testcases.ContactsPageTest" time="2.125">
    <system-out><![CDATA[Before navigating to: 'https://freecrm.com/'
Navigated to:'https://freecrm.com/'
Trying to find Element By : By.xpath: //a[@class="btn btn-primary btn-xs-2 btn-shadow btn-rect btn-icon btn-icon-left"]
Found Element By : By.xpath: //a[@class="btn btn-primary btn-xs-2 btn-shadow btn-rect btn-icon btn-icon-left"]
Trying to click on: [[ChromeDriver: chrome on WINDOWS (255c7121f6d51309dccd27caab1007b5)] -> xpath: //a[@class="btn btn-primary btn-xs-2 btn-shadow btn-rect btn-icon btn-icon-left"]]
Clicked on: [[ChromeDriver: chrome on WINDOWS (255c7121f6d51309dccd27caab1007b5)] -> xpath: //a[@class="btn btn-primary btn-xs-2 btn-shadow btn-rect btn-icon btn-icon-left"]]
Trying to find Element By : By.name: email
Found Element By : By.name: email
Trying to find Element By : By.xpath: //input[@name='password']
Found Element By : By.xpath: //input[@name='password']
Trying to find Element By : By.xpath: //div[@class='ui fluid large blue submit button']
Found Element By : By.xpath: //div[@class='ui fluid large blue submit button']
Trying to click on: [[ChromeDriver: chrome on WINDOWS (255c7121f6d51309dccd27caab1007b5)] -> xpath: //div[@class='ui fluid large blue submit button']]
Clicked on: [[ChromeDriver: chrome on WINDOWS (255c7121f6d51309dccd27caab1007b5)] -> xpath: //div[@class='ui fluid large blue submit button']]
Trying to find Element By : By.linkText: Contacts
Found Element By : By.linkText: Contacts
Trying to find Element By : By.linkText: Contacts
Found Element By : By.linkText: Contacts
Trying to find Element By : By.linkText: Contacts
Found Element By : By.linkText: Contacts
Trying to click on: [[ChromeDriver: chrome on WINDOWS (255c7121f6d51309dccd27caab1007b5)] -> link text: Contacts]
Clicked on: [[ChromeDriver: chrome on WINDOWS (255c7121f6d51309dccd27caab1007b5)] -> link text: Contacts]
Trying to find Element By : By.xpath: //button[contains(text(),'Create')]
Found Element By : By.xpath: //button[contains(text(),'Create')]
Trying to click on: [[ChromeDriver: chrome on WINDOWS (255c7121f6d51309dccd27caab1007b5)] -> xpath: //button[contains(text(),'Create')]]
Clicked on: [[ChromeDriver: chrome on WINDOWS (255c7121f6d51309dccd27caab1007b5)] -> xpath: //button[contains(text(),'Create')]]
Trying to find Element By : By.name: first_name
Found Element By : By.name: first_name
Trying to find Element By : By.name: last_name
Found Element By : By.name: last_name
Trying to find Element By : By.xpath: //div[@name='company']//input
Found Element By : By.xpath: //div[@name='company']//input
Trying to find Element By : By.xpath: //button[contains(text(),'Save')]
Found Element By : By.xpath: //button[contains(text(),'Save')]
Trying to click on: [[ChromeDriver: chrome on WINDOWS (255c7121f6d51309dccd27caab1007b5)] -> xpath: //button[contains(text(),'Save')]]
Clicked on: [[ChromeDriver: chrome on WINDOWS (255c7121f6d51309dccd27caab1007b5)] -> xpath: //button[contains(text(),'Save')]]
]]></system-out>
    <system-err><![CDATA[Starting ChromeDriver 96.0.4664.45 (76e4c1bb2ab4671b8beba3444e61c0f17584b2fc-refs/branch-heads/4664@{#947}) on port 19891
Only local connections are allowed.
Please see https://chromedriver.chromium.org/security-considerations for suggestions on keeping ChromeDriver safe.
ChromeDriver was started successfully.
Dec 26, 2021 9:54:11 PM org.openqa.selenium.remote.ProtocolHandshake createSession
INFO: Detected dialect: W3C
]]></system-err>
  </testcase>
  <testcase name="verifyConatctsPageLabelTest" classname="com.crm.qa.testcases.ContactsPageTest" time="0.07">
    <system-out><![CDATA[Before navigating to: 'https://freecrm.com/'
Navigated to:'https://freecrm.com/'
Trying to find Element By : By.xpath: //a[@class="btn btn-primary btn-xs-2 btn-shadow btn-rect btn-icon btn-icon-left"]
Found Element By : By.xpath: //a[@class="btn btn-primary btn-xs-2 btn-shadow btn-rect btn-icon btn-icon-left"]
Trying to click on: [[ChromeDriver: chrome on WINDOWS (80409dc8eabf69458592267d3da55f8d)] -> xpath: //a[@class="btn btn-primary btn-xs-2 btn-shadow btn-rect btn-icon btn-icon-left"]]
Clicked on: [[ChromeDriver: chrome on WINDOWS (80409dc8eabf69458592267d3da55f8d)] -> xpath: //a[@class="btn btn-primary btn-xs-2 btn-shadow btn-rect btn-icon btn-icon-left"]]
Trying to find Element By : By.name: email
Found Element By : By.name: email
Trying to find Element By : By.xpath: //input[@name='password']
Found Element By : By.xpath: //input[@name='password']
Trying to find Element By : By.xpath: //div[@class='ui fluid large blue submit button']
Found Element By : By.xpath: //div[@class='ui fluid large blue submit button']
Trying to click on: [[ChromeDriver: chrome on WINDOWS (80409dc8eabf69458592267d3da55f8d)] -> xpath: //div[@class='ui fluid large blue submit button']]
Clicked on: [[ChromeDriver: chrome on WINDOWS (80409dc8eabf69458592267d3da55f8d)] -> xpath: //div[@class='ui fluid large blue submit button']]
Trying to find Element By : By.linkText: Contacts
Found Element By : By.linkText: Contacts
Trying to find Element By : By.linkText: Contacts
Found Element By : By.linkText: Contacts
Trying to find Element By : By.linkText: Contacts
Found Element By : By.linkText: Contacts
Trying to click on: [[ChromeDriver: chrome on WINDOWS (80409dc8eabf69458592267d3da55f8d)] -> link text: Contacts]
Clicked on: [[ChromeDriver: chrome on WINDOWS (80409dc8eabf69458592267d3da55f8d)] -> link text: Contacts]
Trying to find Element By : By.xpath: //div[@class='ui header item mb5 light-black']
Found Element By : By.xpath: //div[@class='ui header item mb5 light-black']
]]></system-out>
    <system-err><![CDATA[Starting ChromeDriver 96.0.4664.45 (76e4c1bb2ab4671b8beba3444e61c0f17584b2fc-refs/branch-heads/4664@{#947}) on port 26961
Only local connections are allowed.
Please see https://chromedriver.chromium.org/security-considerations for suggestions on keeping ChromeDriver safe.
ChromeDriver was started successfully.
Dec 26, 2021 9:54:25 PM org.openqa.selenium.remote.ProtocolHandshake createSession
INFO: Detected dialect: W3C
]]></system-err>
  </testcase>
  <testcase name="verifyHomePageTitleTest" classname="com.crm.qa.testcases.HomePageTest" time="0.008">
    <system-out><![CDATA[Before navigating to: 'https://freecrm.com/'
Navigated to:'https://freecrm.com/'
Trying to find Element By : By.xpath: //a[@class="btn btn-primary btn-xs-2 btn-shadow btn-rect btn-icon btn-icon-left"]
Found Element By : By.xpath: //a[@class="btn btn-primary btn-xs-2 btn-shadow btn-rect btn-icon btn-icon-left"]
Trying to click on: [[ChromeDriver: chrome on WINDOWS (6d9d53a29fcbd8f703a00bcb2b839189)] -> xpath: //a[@class="btn btn-primary btn-xs-2 btn-shadow btn-rect btn-icon btn-icon-left"]]
Clicked on: [[ChromeDriver: chrome on WINDOWS (6d9d53a29fcbd8f703a00bcb2b839189)] -> xpath: //a[@class="btn btn-primary btn-xs-2 btn-shadow btn-rect btn-icon btn-icon-left"]]
Trying to find Element By : By.name: email
Found Element By : By.name: email
Trying to find Element By : By.xpath: //input[@name='password']
Found Element By : By.xpath: //input[@name='password']
Trying to find Element By : By.xpath: //div[@class='ui fluid large blue submit button']
Found Element By : By.xpath: //div[@class='ui fluid large blue submit button']
Trying to click on: [[ChromeDriver: chrome on WINDOWS (6d9d53a29fcbd8f703a00bcb2b839189)] -> xpath: //div[@class='ui fluid large blue submit button']]
Clicked on: [[ChromeDriver: chrome on WINDOWS (6d9d53a29fcbd8f703a00bcb2b839189)] -> xpath: //div[@class='ui fluid large blue submit button']]
]]></system-out>
    <system-err><![CDATA[Starting ChromeDriver 96.0.4664.45 (76e4c1bb2ab4671b8beba3444e61c0f17584b2fc-refs/branch-heads/4664@{#947}) on port 37889
Only local connections are allowed.
Please see https://chromedriver.chromium.org/security-considerations for suggestions on keeping ChromeDriver safe.
ChromeDriver was started successfully.
Dec 26, 2021 9:54:37 PM org.openqa.selenium.remote.ProtocolHandshake createSession
INFO: Detected dialect: W3C
]]></system-err>
  </testcase>
  <testcase name="verifyCorrectUserNameTest" classname="com.crm.qa.testcases.HomePageTest" time="1.971">
    <system-out><![CDATA[Before navigating to: 'https://freecrm.com/'
Navigated to:'https://freecrm.com/'
Trying to find Element By : By.xpath: //a[@class="btn btn-primary btn-xs-2 btn-shadow btn-rect btn-icon btn-icon-left"]
Found Element By : By.xpath: //a[@class="btn btn-primary btn-xs-2 btn-shadow btn-rect btn-icon btn-icon-left"]
Trying to click on: [[ChromeDriver: chrome on WINDOWS (7c0448659d5b789a297d7e7b65e7e41b)] -> xpath: //a[@class="btn btn-primary btn-xs-2 btn-shadow btn-rect btn-icon btn-icon-left"]]
Clicked on: [[ChromeDriver: chrome on WINDOWS (7c0448659d5b789a297d7e7b65e7e41b)] -> xpath: //a[@class="btn btn-primary btn-xs-2 btn-shadow btn-rect btn-icon btn-icon-left"]]
Trying to find Element By : By.name: email
Found Element By : By.name: email
Trying to find Element By : By.xpath: //input[@name='password']
Found Element By : By.xpath: //input[@name='password']
Trying to find Element By : By.xpath: //div[@class='ui fluid large blue submit button']
Found Element By : By.xpath: //div[@class='ui fluid large blue submit button']
Trying to click on: [[ChromeDriver: chrome on WINDOWS (7c0448659d5b789a297d7e7b65e7e41b)] -> xpath: //div[@class='ui fluid large blue submit button']]
Clicked on: [[ChromeDriver: chrome on WINDOWS (7c0448659d5b789a297d7e7b65e7e41b)] -> xpath: //div[@class='ui fluid large blue submit button']]
Trying to find Element By : By.xpath: //span[@class='user-display']
Found Element By : By.xpath: //span[@class='user-display']
]]></system-out>
    <system-err><![CDATA[Starting ChromeDriver 96.0.4664.45 (76e4c1bb2ab4671b8beba3444e61c0f17584b2fc-refs/branch-heads/4664@{#947}) on port 3138
Only local connections are allowed.
Please see https://chromedriver.chromium.org/security-considerations for suggestions on keeping ChromeDriver safe.
ChromeDriver was started successfully.
Dec 26, 2021 9:54:51 PM org.openqa.selenium.remote.ProtocolHandshake createSession
INFO: Detected dialect: W3C
]]></system-err>
  </testcase>
  <testcase name="verifyContactsLinkTest" classname="com.crm.qa.testcases.HomePageTest" time="21.141">
    <failure message="timeout: Timed out receiving message from renderer: 20.000&#10;  (Session info: chrome=96.0.4664.110)&#10;Build info: version: &apos;3.141.59&apos;, revision: &apos;e82be7d358&apos;, time: &apos;2018-11-14T08:17:03&apos;&#10;System info: host: &apos;LAPTOP-MJ8LKT1B&apos;, ip: &apos;192.168.1.6&apos;, os.name: &apos;Windows 10&apos;, os.arch: &apos;amd64&apos;, os.version: &apos;10.0&apos;, java.version: &apos;1.8.0_311&apos;&#10;Driver info: org.openqa.selenium.chrome.ChromeDriver&#10;Capabilities {acceptInsecureCerts: false, browserName: chrome, browserVersion: 96.0.4664.110, chrome: {chromedriverVersion: 96.0.4664.45 (76e4c1bb2ab46..., userDataDir: C:\Users\NITESH~1\AppData\L...}, goog:chromeOptions: {debuggerAddress: localhost:60457}, javascriptEnabled: true, networkConnectionEnabled: false, pageLoadStrategy: normal, platform: WINDOWS, platformName: WINDOWS, proxy: Proxy(), setWindowRect: true, strictFileInteractability: false, timeouts: {implicit: 0, pageLoad: 300000, script: 30000}, unhandledPromptBehavior: dismiss and notify, webauthn:extension:credBlob: true, webauthn:extension:largeBlob: true, webauthn:virtualAuthenticators: true}&#10;Session ID: 3cb9920f325106e82a468735676ec353&#10;*** Element info: {Using=link text, value=Contacts}" type="org.openqa.selenium.TimeoutException"><![CDATA[org.openqa.selenium.TimeoutException: 
timeout: Timed out receiving message from renderer: 20.000
  (Session info: chrome=96.0.4664.110)
Build info: version: '3.141.59', revision: 'e82be7d358', time: '2018-11-14T08:17:03'
System info: host: 'LAPTOP-MJ8LKT1B', ip: '192.168.1.6', os.name: 'Windows 10', os.arch: 'amd64', os.version: '10.0', java.version: '1.8.0_311'
Driver info: org.openqa.selenium.chrome.ChromeDriver
Capabilities {acceptInsecureCerts: false, browserName: chrome, browserVersion: 96.0.4664.110, chrome: {chromedriverVersion: 96.0.4664.45 (76e4c1bb2ab46..., userDataDir: C:\Users\NITESH~1\AppData\L...}, goog:chromeOptions: {debuggerAddress: localhost:60457}, javascriptEnabled: true, networkConnectionEnabled: false, pageLoadStrategy: normal, platform: WINDOWS, platformName: WINDOWS, proxy: Proxy(), setWindowRect: true, strictFileInteractability: false, timeouts: {implicit: 0, pageLoad: 300000, script: 30000}, unhandledPromptBehavior: dismiss and notify, webauthn:extension:credBlob: true, webauthn:extension:largeBlob: true, webauthn:virtualAuthenticators: true}
Session ID: 3cb9920f325106e82a468735676ec353
*** Element info: {Using=link text, value=Contacts}
	at com.crm.qa.testcases.HomePageTest.verifyContactsLinkTest(HomePageTest.java:51)
]]></failure>
    <system-out><![CDATA[Before navigating to: 'https://freecrm.com/'
Navigated to:'https://freecrm.com/'
Trying to find Element By : By.xpath: //a[@class="btn btn-primary btn-xs-2 btn-shadow btn-rect btn-icon btn-icon-left"]
Found Element By : By.xpath: //a[@class="btn btn-primary btn-xs-2 btn-shadow btn-rect btn-icon btn-icon-left"]
Trying to click on: [[ChromeDriver: chrome on WINDOWS (3cb9920f325106e82a468735676ec353)] -> xpath: //a[@class="btn btn-primary btn-xs-2 btn-shadow btn-rect btn-icon btn-icon-left"]]
Clicked on: [[ChromeDriver: chrome on WINDOWS (3cb9920f325106e82a468735676ec353)] -> xpath: //a[@class="btn btn-primary btn-xs-2 btn-shadow btn-rect btn-icon btn-icon-left"]]
Trying to find Element By : By.name: email
Found Element By : By.name: email
Trying to find Element By : By.xpath: //input[@name='password']
Found Element By : By.xpath: //input[@name='password']
Trying to find Element By : By.xpath: //div[@class='ui fluid large blue submit button']
Found Element By : By.xpath: //div[@class='ui fluid large blue submit button']
Trying to click on: [[ChromeDriver: chrome on WINDOWS (3cb9920f325106e82a468735676ec353)] -> xpath: //div[@class='ui fluid large blue submit button']]
Clicked on: [[ChromeDriver: chrome on WINDOWS (3cb9920f325106e82a468735676ec353)] -> xpath: //div[@class='ui fluid large blue submit button']]
Trying to find Element By : By.linkText: Contacts
Exception occured: org.openqa.selenium.TimeoutException: timeout: Timed out receiving message from renderer: 20.000
  (Session info: chrome=96.0.4664.110)
Build info: version: '3.141.59', revision: 'e82be7d358', time: '2018-11-14T08:17:03'
System info: host: 'LAPTOP-MJ8LKT1B', ip: '192.168.1.6', os.name: 'Windows 10', os.arch: 'amd64', os.version: '10.0', java.version: '1.8.0_311'
Driver info: org.openqa.selenium.chrome.ChromeDriver
Capabilities {acceptInsecureCerts: false, browserName: chrome, browserVersion: 96.0.4664.110, chrome: {chromedriverVersion: 96.0.4664.45 (76e4c1bb2ab46..., userDataDir: C:\Users\NITESH~1\AppData\L...}, goog:chromeOptions: {debuggerAddress: localhost:60457}, javascriptEnabled: true, networkConnectionEnabled: false, pageLoadStrategy: normal, platform: WINDOWS, platformName: WINDOWS, proxy: Proxy(), setWindowRect: true, strictFileInteractability: false, timeouts: {implicit: 0, pageLoad: 300000, script: 30000}, unhandledPromptBehavior: dismiss and notify, webauthn:extension:credBlob: true, webauthn:extension:largeBlob: true, webauthn:virtualAuthenticators: true}
Session ID: 3cb9920f325106e82a468735676ec353
*** Element info: {Using=link text, value=Contacts}
]]></system-out>
    <system-err><![CDATA[Starting ChromeDriver 96.0.4664.45 (76e4c1bb2ab4671b8beba3444e61c0f17584b2fc-refs/branch-heads/4664@{#947}) on port 38728
Only local connections are allowed.
Please see https://chromedriver.chromium.org/security-considerations for suggestions on keeping ChromeDriver safe.
ChromeDriver was started successfully.
Dec 26, 2021 9:55:01 PM org.openqa.selenium.remote.ProtocolHandshake createSession
INFO: Detected dialect: W3C
[1640535930.226][SEVERE]: Timed out receiving message from renderer: 20.000
[1640535930.229][SEVERE]: Timed out receiving message from renderer: 20.000
]]></system-err>
  </testcase>
  <testcase name="loginPageTitleTest" classname="com.crm.qa.testcases.LoginTest" time="1.086">
    <system-out><![CDATA[Before navigating to: 'https://freecrm.com/'
Navigated to:'https://freecrm.com/'
Trying to find Element By : By.xpath: //a[@class="btn btn-primary btn-xs-2 btn-shadow btn-rect btn-icon btn-icon-left"]
Found Element By : By.xpath: //a[@class="btn btn-primary btn-xs-2 btn-shadow btn-rect btn-icon btn-icon-left"]
Trying to click on: [[ChromeDriver: chrome on WINDOWS (32ef34cba6143040a6efc91064ccd3c7)] -> xpath: //a[@class="btn btn-primary btn-xs-2 btn-shadow btn-rect btn-icon btn-icon-left"]]
Clicked on: [[ChromeDriver: chrome on WINDOWS (32ef34cba6143040a6efc91064ccd3c7)] -> xpath: //a[@class="btn btn-primary btn-xs-2 btn-shadow btn-rect btn-icon btn-icon-left"]]
]]></system-out>
    <system-err><![CDATA[Starting ChromeDriver 96.0.4664.45 (76e4c1bb2ab4671b8beba3444e61c0f17584b2fc-refs/branch-heads/4664@{#947}) on port 5938
Only local connections are allowed.
Please see https://chromedriver.chromium.org/security-considerations for suggestions on keeping ChromeDriver safe.
ChromeDriver was started successfully.
Dec 26, 2021 9:55:32 PM org.openqa.selenium.remote.ProtocolHandshake createSession
INFO: Detected dialect: W3C
]]></system-err>
  </testcase>
  <testcase name="loginTest" classname="com.crm.qa.testcases.LoginTest" time="5.704">
    <system-out><![CDATA[Before navigating to: 'https://freecrm.com/'
Navigated to:'https://freecrm.com/'
Trying to find Element By : By.xpath: //a[@class="btn btn-primary btn-xs-2 btn-shadow btn-rect btn-icon btn-icon-left"]
Found Element By : By.xpath: //a[@class="btn btn-primary btn-xs-2 btn-shadow btn-rect btn-icon btn-icon-left"]
Trying to click on: [[ChromeDriver: chrome on WINDOWS (25266f4b833523a715e94c52bee6f40d)] -> xpath: //a[@class="btn btn-primary btn-xs-2 btn-shadow btn-rect btn-icon btn-icon-left"]]
Clicked on: [[ChromeDriver: chrome on WINDOWS (25266f4b833523a715e94c52bee6f40d)] -> xpath: //a[@class="btn btn-primary btn-xs-2 btn-shadow btn-rect btn-icon btn-icon-left"]]
Trying to find Element By : By.name: email
Found Element By : By.name: email
Trying to find Element By : By.xpath: //input[@name='password']
Found Element By : By.xpath: //input[@name='password']
Trying to find Element By : By.xpath: //div[@class='ui fluid large blue submit button']
Found Element By : By.xpath: //div[@class='ui fluid large blue submit button']
Trying to click on: [[ChromeDriver: chrome on WINDOWS (25266f4b833523a715e94c52bee6f40d)] -> xpath: //div[@class='ui fluid large blue submit button']]
Clicked on: [[ChromeDriver: chrome on WINDOWS (25266f4b833523a715e94c52bee6f40d)] -> xpath: //div[@class='ui fluid large blue submit button']]
]]></system-out>
    <system-err><![CDATA[Starting ChromeDriver 96.0.4664.45 (76e4c1bb2ab4671b8beba3444e61c0f17584b2fc-refs/branch-heads/4664@{#947}) on port 46124
Only local connections are allowed.
Please see https://chromedriver.chromium.org/security-considerations for suggestions on keeping ChromeDriver safe.
ChromeDriver was started successfully.
Dec 26, 2021 9:55:39 PM org.openqa.selenium.remote.ProtocolHandshake createSession
INFO: Detected dialect: W3C
]]></system-err>
  </testcase>
</testsuite>